# JRE version: OpenJDK Runtime Environment Microsoft-12574423 (17.0.17+10) (build 17.0.17+10-LTS)
# Java VM: OpenJDK 64-Bit Server VM Microsoft-12574423 (17.0.17+10-LTS, mixed mode, sharing, tiered, compressed oops, compressed class ptrs, g1 gc, windows-amd64)
GC Precious Log:
 CPUs: 8 total, 8 available
 Memory: 14912M
 Large Page Support: Disabled
 NUMA Support: Disabled
 Compressed Oops: Enabled (Zero based)
 Heap Region Size: 2M
 Heap Min Capacity: 8M
 Heap Initial Capacity: 234M
 Heap Max Capacity: 3730M
 Pre-touch: Disabled
 Parallel Workers: 8
 Concurrent Workers: 2
 Concurrent Refinement Workers: 8
 Periodic GC: Disabled
Heap:
 garbage-first heap   total 161792K, used 54947K [0x0000000716e00000, 0x0000000800000000)
  region size 2048K, 4 young (8192K), 2 survivors (4096K)
 Metaspace       used 38954K, committed 39424K, reserved 1114112K
  class space    used 4485K, committed 4736K, reserved 1048576K
GC Heap History (20 events):
Event: 18.482 GC heap before
{Heap before GC invocations=7 (full 0):
 garbage-first heap   total 69632K, used 51071K [0x0000000716e00000, 0x0000000800000000)
  region size 2048K, 15 young (30720K), 1 survivors (2048K)
 Metaspace       used 25209K, committed 25536K, reserved 1114112K
  class space    used 2866K, committed 3008K, reserved 1048576K
}
Event: 18.490 GC heap after
{Heap after GC invocations=8 (full 0):
 garbage-first heap   total 69632K, used 22699K [0x0000000716e00000, 0x0000000800000000)
  region size 2048K, 2 young (4096K), 2 survivors (4096K)
 Metaspace       used 25209K, committed 25536K, reserved 1114112K
  class space    used 2866K, committed 3008K, reserved 1048576K
}
Event: 19.721 GC heap before
{Heap before GC invocations=8 (full 0):
 garbage-first heap   total 69632K, used 51371K [0x0000000716e00000, 0x0000000800000000)
  region size 2048K, 16 young (32768K), 2 survivors (4096K)
 Metaspace       used 28556K, committed 28928K, reserved 1114112K
  class space    used 3248K, committed 3456K, reserved 1048576K
}
Event: 19.738 GC heap after
{Heap after GC invocations=9 (full 0):
 garbage-first heap   total 69632K, used 24576K [0x0000000716e00000, 0x0000000800000000)
  region size 2048K, 2 young (4096K), 2 survivors (4096K)
 Metaspace       used 28556K, committed 28928K, reserved 1114112K
  class space    used 3248K, committed 3456K, reserved 1048576K
}
Event: 20.847 GC heap before
{Heap before GC invocations=9 (full 0):
 garbage-first heap   total 69632K, used 55296K [0x0000000716e00000, 0x0000000800000000)
  region size 2048K, 16 young (32768K), 2 survivors (4096K)
 Metaspace       used 34206K, committed 34496K, reserved 1114112K
  class space    used 3928K, committed 4096K, reserved 1048576K
}
Event: 20.866 GC heap after
{Heap after GC invocations=10 (full 0):
 garbage-first heap   total 69632K, used 33939K [0x0000000716e00000, 0x0000000800000000)
  region size 2048K, 2 young (4096K), 2 survivors (4096K)
 Metaspace       used 34206K, committed 34496K, reserved 1114112K
  class space    used 3928K, committed 4096K, reserved 1048576K
}
Event: 21.008 GC heap before
{Heap before GC invocations=10 (full 0):
 garbage-first heap   total 69632K, used 50323K [0x0000000716e00000, 0x0000000800000000)
  region size 2048K, 10 young (20480K), 2 survivors (4096K)
 Metaspace       used 34218K, committed 34560K, reserved 1114112K
  class space    used 3928K, committed 4096K, reserved 1048576K
}
Event: 21.018 GC heap after
{Heap after GC invocations=11 (full 0):
 garbage-first heap   total 83968K, used 39570K [0x0000000716e00000, 0x0000000800000000)
  region size 2048K, 2 young (4096K), 2 survivors (4096K)
 Metaspace       used 34218K, committed 34560K, reserved 1114112K
  class space    used 3928K, committed 4096K, reserved 1048576K
}
Event: 21.139 GC heap before
{Heap before GC invocations=11 (full 0):
 garbage-first heap   total 83968K, used 58002K [0x0000000716e00000, 0x0000000800000000)
  region size 2048K, 11 young (22528K), 2 survivors (4096K)
 Metaspace       used 34228K, committed 34560K, reserved 1114112K
  class space    used 3928K, committed 4096K, reserved 1048576K
}
Event: 21.150 GC heap after
{Heap after GC invocations=12 (full 0):
 garbage-first heap   total 83968K, used 45056K [0x0000000716e00000, 0x0000000800000000)
  region size 2048K, 2 young (4096K), 2 survivors (4096K)
 Metaspace       used 34228K, committed 34560K, reserved 1114112K
  class space    used 3928K, committed 4096K, reserved 1048576K
}
Event: 21.373 GC heap before
{Heap before GC invocations=12 (full 0):
 garbage-first heap   total 83968K, used 59392K [0x0000000716e00000, 0x0000000800000000)
  region size 2048K, 9 young (18432K), 2 survivors (4096K)
 Metaspace       used 34795K, committed 35136K, reserved 1114112K
  class space    used 3996K, committed 4160K, reserved 1048576K
}
Event: 21.383 GC heap after
{Heap after GC invocations=13 (full 0):
 garbage-first heap   total 83968K, used 50047K [0x0000000716e00000, 0x0000000800000000)
  region size 2048K, 2 young (4096K), 2 survivors (4096K)
 Metaspace       used 34795K, committed 35136K, reserved 1114112K
  class space    used 3996K, committed 4160K, reserved 1048576K
}
Event: 21.735 GC heap before
{Heap before GC invocations=14 (full 0):
 garbage-first heap   total 92160K, used 60287K [0x0000000716e00000, 0x0000000800000000)
  region size 2048K, 8 young (16384K), 2 survivors (4096K)
 Metaspace       used 35195K, committed 35456K, reserved 1114112K
  class space    used 4032K, committed 4160K, reserved 1048576K
}
Event: 21.745 GC heap after
{Heap after GC invocations=15 (full 0):
 garbage-first heap   total 92160K, used 50058K [0x0000000716e00000, 0x0000000800000000)
  region size 2048K, 1 young (2048K), 1 survivors (2048K)
 Metaspace       used 35195K, committed 35456K, reserved 1114112K
  class space    used 4032K, committed 4160K, reserved 1048576K
}
Event: 22.414 GC heap before
{Heap before GC invocations=15 (full 0):
 garbage-first heap   total 92160K, used 64394K [0x0000000716e00000, 0x0000000800000000)
  region size 2048K, 9 young (18432K), 1 survivors (2048K)
 Metaspace       used 36012K, committed 36352K, reserved 1114112K
  class space    used 4133K, committed 4288K, reserved 1048576K
}
Event: 22.422 GC heap after
{Heap after GC invocations=16 (full 0):
 garbage-first heap   total 92160K, used 50772K [0x0000000716e00000, 0x0000000800000000)
  region size 2048K, 2 young (4096K), 2 survivors (4096K)
 Metaspace       used 36012K, committed 36352K, reserved 1114112K
  class space    used 4133K, committed 4288K, reserved 1048576K
}
Event: 22.860 GC heap before
{Heap before GC invocations=17 (full 0):
 garbage-first heap   total 100352K, used 67156K [0x0000000716e00000, 0x0000000800000000)
  region size 2048K, 10 young (20480K), 2 survivors (4096K)
 Metaspace       used 36989K, committed 37312K, reserved 1114112K
  class space    used 4245K, committed 4416K, reserved 1048576K
}
Event: 22.867 GC heap after
{Heap after GC invocations=18 (full 0):
 garbage-first heap   total 100352K, used 51118K [0x0000000716e00000, 0x0000000800000000)
  region size 2048K, 1 young (2048K), 1 survivors (2048K)
 Metaspace       used 36989K, committed 37312K, reserved 1114112K
  class space    used 4245K, committed 4416K, reserved 1048576K
}
Event: 23.630 GC heap before
{Heap before GC invocations=18 (full 0):
 garbage-first heap   total 100352K, used 73646K [0x0000000716e00000, 0x0000000800000000)
  region size 2048K, 13 young (26624K), 1 survivors (2048K)
 Metaspace       used 38844K, committed 39232K, reserved 1114112K
  class space    used 4479K, committed 4672K, reserved 1048576K
}
Event: 23.639 GC heap after
{Heap after GC invocations=19 (full 0):
 garbage-first heap   total 161792K, used 52899K [0x0000000716e00000, 0x0000000800000000)
  region size 2048K, 2 young (4096K), 2 survivors (4096K)
 Metaspace       used 38844K, committed 39232K, reserved 1114112K
  class space    used 4479K, committed 4672K, reserved 1048576K
}

